@!@!@STARTMSG 2262:0 @!@!@
TLC2 Version 2.18 of Day Month 20?? (rev: c5a78fa)
@!@!@ENDMSG 2262 @!@!@
@!@!@STARTMSG 2187:0 @!@!@
Running breadth-first search Model-Checking with fp 54 and seed -3188850356147658279 with 4 workers on 8 cores with 608MB heap and 1365MB offheap memory [pid: 5457] (Mac OS X 10.16 x86_64, AdoptOpenJDK 14.0.1 x86_64, OffHeapDiskFPSet, DiskStateQueue).
@!@!@ENDMSG 2187 @!@!@
@!@!@STARTMSG 2220:0 @!@!@
Starting SANY...
@!@!@ENDMSG 2220 @!@!@
Parsing file /Users/jaewoo/Documents/EECS 591/Project/MidPointTwoPhaseLive.toolbox/MidPoint2PCLive/MC.tla
Parsing file /Users/jaewoo/Documents/EECS 591/Project/MidPointTwoPhaseLive.toolbox/MidPoint2PCLive/MidPointTwoPhaseLive.tla
Parsing file /private/var/folders/wn/ng7gz88x6wz8bnnfj29f7rrc0000gn/T/AppTranslocation/A44D0F6F-E915-4D1E-B87C-355EA7A33954/d/TLA+ Toolbox.app/Contents/Eclipse/plugins/org.lamport.tlatools_1.0.0.202311031645/tla2sany/StandardModules/TLC.tla
Parsing file /private/var/folders/wn/ng7gz88x6wz8bnnfj29f7rrc0000gn/T/AppTranslocation/A44D0F6F-E915-4D1E-B87C-355EA7A33954/d/TLA+ Toolbox.app/Contents/Eclipse/plugins/org.lamport.tlatools_1.0.0.202311031645/tla2sany/StandardModules/Integers.tla
Parsing file /private/var/folders/wn/ng7gz88x6wz8bnnfj29f7rrc0000gn/T/AppTranslocation/A44D0F6F-E915-4D1E-B87C-355EA7A33954/d/TLA+ Toolbox.app/Contents/Eclipse/plugins/org.lamport.tlatools_1.0.0.202311031645/tla2sany/StandardModules/Naturals.tla
Parsing file /Users/jaewoo/Documents/EECS 591/Project/MidPointTwoPhaseLive.toolbox/MidPoint2PCLive/TCommit.tla
Parsing file /private/var/folders/wn/ng7gz88x6wz8bnnfj29f7rrc0000gn/T/AppTranslocation/A44D0F6F-E915-4D1E-B87C-355EA7A33954/d/TLA+ Toolbox.app/Contents/Eclipse/plugins/org.lamport.tlatools_1.0.0.202311031645/tla2sany/StandardModules/Sequences.tla
Parsing file /private/var/folders/wn/ng7gz88x6wz8bnnfj29f7rrc0000gn/T/AppTranslocation/A44D0F6F-E915-4D1E-B87C-355EA7A33954/d/TLA+ Toolbox.app/Contents/Eclipse/plugins/org.lamport.tlatools_1.0.0.202311031645/tla2sany/StandardModules/FiniteSets.tla
Semantic processing of module Naturals
Semantic processing of module Integers
Semantic processing of module TCommit
Semantic processing of module MidPointTwoPhaseLive
Semantic processing of module Sequences
Semantic processing of module FiniteSets
Semantic processing of module TLC
Semantic processing of module MC
@!@!@STARTMSG 2219:0 @!@!@
SANY finished.
@!@!@ENDMSG 2219 @!@!@
@!@!@STARTMSG 2185:0 @!@!@
Starting... (2023-12-01 00:26:35)
@!@!@ENDMSG 2185 @!@!@
@!@!@STARTMSG 2189:0 @!@!@
Computing initial states...
@!@!@ENDMSG 2189 @!@!@
@!@!@STARTMSG 2190:0 @!@!@
Finished computing initial states: 1 distinct state generated at 2023-12-01 00:26:36.
@!@!@ENDMSG 2190 @!@!@
@!@!@STARTMSG 2200:0 @!@!@
Progress(11) at 2023-12-01 00:26:39: 1,560,830 states generated (1,560,830 s/min), 262,742 distinct states found (262,742 ds/min), 146,797 states left on queue.
@!@!@ENDMSG 2200 @!@!@
@!@!@STARTMSG 2200:0 @!@!@
Progress(17) at 2023-12-01 00:27:39: 68,864,825 states generated (67,303,995 s/min), 8,684,346 distinct states found (8,421,604 ds/min), 3,204,523 states left on queue.
@!@!@ENDMSG 2200 @!@!@
