@!@!@STARTMSG 2262:0 @!@!@
TLC2 Version 2.16 of 31 December 2020 (rev: cdddf55)
@!@!@ENDMSG 2262 @!@!@
@!@!@STARTMSG 2187:0 @!@!@
Running breadth-first search Model-Checking with fp 71 and seed -7086828954310030558 with 4 workers on 20 cores with 2404MB heap and 5405MB offheap memory [pid: 3576] (Windows 10 10.0 amd64, AdoptOpenJDK 14.0.1 x86_64, OffHeapDiskFPSet, DiskStateQueue).
@!@!@ENDMSG 2187 @!@!@
@!@!@STARTMSG 2220:0 @!@!@
Starting SANY...
@!@!@ENDMSG 2220 @!@!@
Parsing file C:\Users\Andrew\Documents\eecs591\tla-3pc\ThreePhase.toolbox\3PC\MC.tla
Parsing file C:\Users\Andrew\Documents\eecs591\tla-3pc\ThreePhase.toolbox\3PC\ThreePhase.tla
Parsing file C:\Users\Andrew\Downloads\TLAToolbox\toolbox\plugins\org.lamport.tlatools_1.0.0.202012311918\tla2sany\StandardModules\TLC.tla
Parsing file C:\Users\Andrew\Downloads\TLAToolbox\toolbox\plugins\org.lamport.tlatools_1.0.0.202012311918\tla2sany\StandardModules\Integers.tla
Parsing file C:\Users\Andrew\Downloads\TLAToolbox\toolbox\plugins\org.lamport.tlatools_1.0.0.202012311918\tla2sany\StandardModules\Sequences.tla
Parsing file C:\Users\Andrew\Downloads\TLAToolbox\toolbox\plugins\org.lamport.tlatools_1.0.0.202012311918\tla2sany\StandardModules\Naturals.tla
Parsing file C:\Users\Andrew\Downloads\TLAToolbox\toolbox\plugins\org.lamport.tlatools_1.0.0.202012311918\tla2sany\StandardModules\FiniteSets.tla
Semantic processing of module Naturals
Semantic processing of module Integers
Semantic processing of module Sequences
Semantic processing of module FiniteSets
Semantic processing of module TLC
Semantic processing of module ThreePhase
Semantic processing of module MC
@!@!@STARTMSG 2219:0 @!@!@
SANY finished.
@!@!@ENDMSG 2219 @!@!@
@!@!@STARTMSG 2185:0 @!@!@
Starting... (2023-12-01 00:11:45)
@!@!@ENDMSG 2185 @!@!@
@!@!@STARTMSG 2212:0 @!@!@
Implied-temporal checking--satisfiability problem has 1 branches.
@!@!@ENDMSG 2212 @!@!@
@!@!@STARTMSG 2189:0 @!@!@
Computing initial states...
@!@!@ENDMSG 2189 @!@!@
@!@!@STARTMSG 2190:0 @!@!@
Finished computing initial states: 1 distinct state generated at 2023-12-01 00:11:46.
@!@!@ENDMSG 2190 @!@!@
@!@!@STARTMSG 2192:0 @!@!@
Checking temporal properties for the current state space with 289053 total distinct states at (2023-12-01 00:11:49)
@!@!@ENDMSG 2192 @!@!@
@!@!@STARTMSG 2116:1 @!@!@
Temporal properties were violated.

@!@!@ENDMSG 2116 @!@!@
@!@!@STARTMSG 2264:1 @!@!@
The following behavior constitutes a counter-example:

@!@!@ENDMSG 2264 @!@!@
@!@!@STARTMSG 2217:4 @!@!@
1: <Initial predicate>
/\ msgs = {}
/\ tmCanCommit = {}
/\ rmState = [ RM1 |-> "working",
  RM2 |-> "working",
  RM3 |-> "working",
  RM4 |-> "working",
  RM5 |-> "working",
  RM6 |-> "working" ]
/\ rmVote = [ RM1 |-> "No",
  RM2 |-> "No",
  RM3 |-> "No",
  RM4 |-> "No",
  RM5 |-> "No",
  RM6 |-> "No" ]
/\ tmState = "init"
/\ tmPrepared = {}

@!@!@ENDMSG 2217 @!@!@
@!@!@STARTMSG 2217:4 @!@!@
2: <RMChooseToAbort line 96, col 3 to line 99, col 57 of module ThreePhase>
/\ msgs = {}
/\ tmCanCommit = {}
/\ rmState = [ RM1 |-> "aborted",
  RM2 |-> "working",
  RM3 |-> "working",
  RM4 |-> "working",
  RM5 |-> "working",
  RM6 |-> "working" ]
/\ rmVote = [ RM1 |-> "No",
  RM2 |-> "No",
  RM3 |-> "No",
  RM4 |-> "No",
  RM5 |-> "No",
  RM6 |-> "No" ]
/\ tmState = "init"
/\ tmPrepared = {}

@!@!@ENDMSG 2217 @!@!@
@!@!@STARTMSG 2217:4 @!@!@
3: <RMPrepare line 88, col 3 to line 92, col 51 of module ThreePhase>
/\ msgs = {[type |-> "Prepared", rm |-> "RM6"]}
/\ tmCanCommit = {}
/\ rmState = [ RM1 |-> "aborted",
  RM2 |-> "working",
  RM3 |-> "working",
  RM4 |-> "working",
  RM5 |-> "working",
  RM6 |-> "prepared" ]
/\ rmVote = [ RM1 |-> "No",
  RM2 |-> "No",
  RM3 |-> "No",
  RM4 |-> "No",
  RM5 |-> "No",
  RM6 |-> "Yes" ]
/\ tmState = "init"
/\ tmPrepared = {}

@!@!@ENDMSG 2217 @!@!@
@!@!@STARTMSG 2217:4 @!@!@
4: <RMChooseToAbort line 96, col 3 to line 99, col 57 of module ThreePhase>
/\ msgs = {[type |-> "Prepared", rm |-> "RM6"]}
/\ tmCanCommit = {}
/\ rmState = [ RM1 |-> "aborted",
  RM2 |-> "working",
  RM3 |-> "aborted",
  RM4 |-> "working",
  RM5 |-> "working",
  RM6 |-> "prepared" ]
/\ rmVote = [ RM1 |-> "No",
  RM2 |-> "No",
  RM3 |-> "No",
  RM4 |-> "No",
  RM5 |-> "No",
  RM6 |-> "Yes" ]
/\ tmState = "init"
/\ tmPrepared = {}

@!@!@ENDMSG 2217 @!@!@
@!@!@STARTMSG 2217:4 @!@!@
5: <TMStartVote line 58, col 3 to line 60, col 65 of module ThreePhase>
/\ msgs = {[type |-> "Prepared", rm |-> "RM6"]}
/\ tmCanCommit = {}
/\ rmState = [ RM1 |-> "aborted",
  RM2 |-> "working",
  RM3 |-> "aborted",
  RM4 |-> "working",
  RM5 |-> "working",
  RM6 |-> "prepared" ]
/\ rmVote = [ RM1 |-> "No",
  RM2 |-> "No",
  RM3 |-> "No",
  RM4 |-> "No",
  RM5 |-> "No",
  RM6 |-> "Yes" ]
/\ tmState = "waitingForVotes"
/\ tmPrepared = {}

@!@!@ENDMSG 2217 @!@!@
@!@!@STARTMSG 2217:4 @!@!@
6: <RMReadyToCommit line 103, col 3 to line 105, col 65 of module ThreePhase>
/\ msgs = {[type |-> "Prepared", rm |-> "RM6"]}
/\ tmCanCommit = {}
/\ rmState = [ RM1 |-> "aborted",
  RM2 |-> "working",
  RM3 |-> "aborted",
  RM4 |-> "working",
  RM5 |-> "working",
  RM6 |-> "readyToCommit" ]
/\ rmVote = [ RM1 |-> "No",
  RM2 |-> "No",
  RM3 |-> "No",
  RM4 |-> "No",
  RM5 |-> "No",
  RM6 |-> "Yes" ]
/\ tmState = "waitingForVotes"
/\ tmPrepared = {}

@!@!@ENDMSG 2217 @!@!@
@!@!@STARTMSG 2217:4 @!@!@
7: <RMChooseToAbort line 96, col 3 to line 99, col 57 of module ThreePhase>
/\ msgs = {[type |-> "Prepared", rm |-> "RM6"]}
/\ tmCanCommit = {}
/\ rmState = [ RM1 |-> "aborted",
  RM2 |-> "working",
  RM3 |-> "aborted",
  RM4 |-> "aborted",
  RM5 |-> "working",
  RM6 |-> "readyToCommit" ]
/\ rmVote = [ RM1 |-> "No",
  RM2 |-> "No",
  RM3 |-> "No",
  RM4 |-> "No",
  RM5 |-> "No",
  RM6 |-> "Yes" ]
/\ tmState = "waitingForVotes"
/\ tmPrepared = {}

@!@!@ENDMSG 2217 @!@!@
@!@!@STARTMSG 2217:4 @!@!@
8: <RMChooseToAbort line 96, col 3 to line 99, col 57 of module ThreePhase>
/\ msgs = {[type |-> "Prepared", rm |-> "RM6"]}
/\ tmCanCommit = {}
/\ rmState = [ RM1 |-> "aborted",
  RM2 |-> "working",
  RM3 |-> "aborted",
  RM4 |-> "aborted",
  RM5 |-> "aborted",
  RM6 |-> "readyToCommit" ]
/\ rmVote = [ RM1 |-> "No",
  RM2 |-> "No",
  RM3 |-> "No",
  RM4 |-> "No",
  RM5 |-> "No",
  RM6 |-> "Yes" ]
/\ tmState = "waitingForVotes"
/\ tmPrepared = {}

@!@!@ENDMSG 2217 @!@!@
@!@!@STARTMSG 2217:4 @!@!@
9: <RMChooseToAbort line 96, col 3 to line 99, col 57 of module ThreePhase>
/\ msgs = {[type |-> "Prepared", rm |-> "RM6"]}
/\ tmCanCommit = {}
/\ rmState = [ RM1 |-> "aborted",
  RM2 |-> "aborted",
  RM3 |-> "aborted",
  RM4 |-> "aborted",
  RM5 |-> "aborted",
  RM6 |-> "readyToCommit" ]
/\ rmVote = [ RM1 |-> "No",
  RM2 |-> "No",
  RM3 |-> "No",
  RM4 |-> "No",
  RM5 |-> "No",
  RM6 |-> "Yes" ]
/\ tmState = "waitingForVotes"
/\ tmPrepared = {}

@!@!@ENDMSG 2217 @!@!@
@!@!@STARTMSG 2218:4 @!@!@
10: Stuttering
@!@!@ENDMSG 2218 @!@!@
@!@!@STARTMSG 2267:0 @!@!@
Finished checking temporal properties in 00s at 2023-12-01 00:11:49
@!@!@ENDMSG 2267 @!@!@
@!@!@STARTMSG 2201:0 @!@!@
The coverage statistics at 2023-12-01 00:11:49
@!@!@ENDMSG 2201 @!@!@
@!@!@STARTMSG 2773:0 @!@!@
<TPInit line 41, col 1 to line 41, col 6 of module ThreePhase>: 2:2
@!@!@ENDMSG 2773 @!@!@
@!@!@STARTMSG 2221:0 @!@!@
  line 42, col 3 to line 47, col 14 of module ThreePhase: 2
@!@!@ENDMSG 2221 @!@!@
@!@!@STARTMSG 2772:0 @!@!@
<TMRcvPrepared line 50, col 1 to line 50, col 17 of module ThreePhase>: 7269:93312
@!@!@ENDMSG 2772 @!@!@
@!@!@STARTMSG 2221:0 @!@!@
  line 51, col 6 to line 51, col 21 of module ThreePhase: 1738563
@!@!@ENDMSG 2221 @!@!@
@!@!@STARTMSG 2221:0 @!@!@
  |line 51, col 6 to line 51, col 12 of module ThreePhase: 1645251
@!@!@ENDMSG 2221 @!@!@
@!@!@STARTMSG 2221:0 @!@!@
  line 52, col 6 to line 52, col 46 of module ThreePhase: 256630
@!@!@ENDMSG 2221 @!@!@
@!@!@STARTMSG 2221:0 @!@!@
  |line 52, col 6 to line 52, col 37 of module ThreePhase: 163318
@!@!@ENDMSG 2221 @!@!@
@!@!@STARTMSG 2221:0 @!@!@
  |line 52, col 43 to line 52, col 46 of module ThreePhase: 163318
@!@!@ENDMSG 2221 @!@!@
@!@!@STARTMSG 2221:0 @!@!@
  line 53, col 6 to line 53, col 39 of module ThreePhase: 93312
@!@!@ENDMSG 2221 @!@!@
@!@!@STARTMSG 2221:0 @!@!@
  line 54, col 6 to line 54, col 62 of module ThreePhase: 93312
@!@!@ENDMSG 2221 @!@!@
@!@!@STARTMSG 2772:0 @!@!@
<TMStartVote line 57, col 1 to line 57, col 11 of module ThreePhase>: 5193:27222
@!@!@ENDMSG 2772 @!@!@
@!@!@STARTMSG 2221:0 @!@!@
  line 58, col 6 to line 58, col 21 of module ThreePhase: 301434
@!@!@ENDMSG 2221 @!@!@
@!@!@STARTMSG 2221:0 @!@!@
  |line 58, col 6 to line 58, col 12 of module ThreePhase: 274212
@!@!@ENDMSG 2221 @!@!@
@!@!@STARTMSG 2221:0 @!@!@
  line 59, col 6 to line 59, col 33 of module ThreePhase: 27222
@!@!@ENDMSG 2221 @!@!@
@!@!@STARTMSG 2221:0 @!@!@
  line 60, col 6 to line 60, col 65 of module ThreePhase: 27222
@!@!@ENDMSG 2221 @!@!@
@!@!@STARTMSG 2772:0 @!@!@
<TMCollectVotes line 63, col 1 to line 63, col 14 of module ThreePhase>: 10405:19662
@!@!@ENDMSG 2772 @!@!@
@!@!@STARTMSG 2221:0 @!@!@
  line 64, col 6 to line 64, col 32 of module ThreePhase: 293873
@!@!@ENDMSG 2221 @!@!@
@!@!@STARTMSG 2221:0 @!@!@
  |line 64, col 6 to line 64, col 12 of module ThreePhase: 274211
@!@!@ENDMSG 2221 @!@!@
@!@!@STARTMSG 2221:0 @!@!@
  line 65, col 6 to line 65, col 52 of module ThreePhase: 19662
@!@!@ENDMSG 2221 @!@!@
@!@!@STARTMSG 2221:0 @!@!@
  |line 65, col 21 to line 65, col 52 of module ThreePhase: 19662
@!@!@ENDMSG 2221 @!@!@
@!@!@STARTMSG 2221:0 @!@!@
  ||line 65, col 34 to line 65, col 51 of module ThreePhase: 117972
@!@!@ENDMSG 2221 @!@!@
@!@!@STARTMSG 2221:0 @!@!@
  ||line 65, col 29 to line 65, col 30 of module ThreePhase: 19662
@!@!@ENDMSG 2221 @!@!@
@!@!@STARTMSG 2221:0 @!@!@
  line 66, col 9 to line 66, col 25 of module ThreePhase: 19662
@!@!@ENDMSG 2221 @!@!@
@!@!@STARTMSG 2221:0 @!@!@
  line 67, col 11 to line 67, col 32 of module ThreePhase: 99
@!@!@ENDMSG 2221 @!@!@
@!@!@STARTMSG 2221:0 @!@!@
  line 68, col 11 to line 68, col 30 of module ThreePhase: 19563
@!@!@ENDMSG 2221 @!@!@
@!@!@STARTMSG 2221:0 @!@!@
  line 69, col 6 to line 69, col 47 of module ThreePhase: 19662
@!@!@ENDMSG 2221 @!@!@
@!@!@STARTMSG 2221:0 @!@!@
  line 70, col 6 to line 70, col 46 of module ThreePhase: 19662
@!@!@ENDMSG 2221 @!@!@
@!@!@STARTMSG 2772:0 @!@!@
<TMCommit line 73, col 1 to line 73, col 8 of module ThreePhase>: 27:28
@!@!@ENDMSG 2772 @!@!@
@!@!@STARTMSG 2221:0 @!@!@
  line 74, col 6 to line 74, col 26 of module ThreePhase: 274239
@!@!@ENDMSG 2221 @!@!@
@!@!@STARTMSG 2221:0 @!@!@
  |line 74, col 6 to line 74, col 12 of module ThreePhase: 274211
@!@!@ENDMSG 2221 @!@!@
@!@!@STARTMSG 2221:0 @!@!@
  line 75, col 6 to line 75, col 27 of module ThreePhase: 28
@!@!@ENDMSG 2221 @!@!@
@!@!@STARTMSG 2221:0 @!@!@
  line 76, col 6 to line 76, col 44 of module ThreePhase: 28
@!@!@ENDMSG 2221 @!@!@
@!@!@STARTMSG 2221:0 @!@!@
  line 77, col 6 to line 77, col 59 of module ThreePhase: 28
@!@!@ENDMSG 2221 @!@!@
@!@!@STARTMSG 2772:0 @!@!@
<TMAbort line 80, col 1 to line 80, col 7 of module ThreePhase>: 6477:27221
@!@!@ENDMSG 2772 @!@!@
@!@!@STARTMSG 2221:0 @!@!@
  line 81, col 6 to line 81, col 21 of module ThreePhase: 301432
@!@!@ENDMSG 2221 @!@!@
@!@!@STARTMSG 2221:0 @!@!@
  |line 81, col 6 to line 81, col 12 of module ThreePhase: 274211
@!@!@ENDMSG 2221 @!@!@
@!@!@STARTMSG 2221:0 @!@!@
  line 82, col 6 to line 82, col 25 of module ThreePhase: 27221
@!@!@ENDMSG 2221 @!@!@
@!@!@STARTMSG 2221:0 @!@!@
  line 83, col 6 to line 83, col 43 of module ThreePhase: 27221
@!@!@ENDMSG 2221 @!@!@
@!@!@STARTMSG 2221:0 @!@!@
  line 84, col 6 to line 84, col 59 of module ThreePhase: 27221
@!@!@ENDMSG 2221 @!@!@
@!@!@STARTMSG 2772:0 @!@!@
<RMPrepare line 87, col 1 to line 87, col 13 of module ThreePhase>: 93173:364553
@!@!@ENDMSG 2772 @!@!@
@!@!@STARTMSG 2221:0 @!@!@
  line 88, col 6 to line 88, col 28 of module ThreePhase: 2009804
@!@!@ENDMSG 2221 @!@!@
@!@!@STARTMSG 2221:0 @!@!@
  |line 88, col 6 to line 88, col 16 of module ThreePhase: 1645251
@!@!@ENDMSG 2221 @!@!@
@!@!@STARTMSG 2221:0 @!@!@
  line 89, col 6 to line 89, col 51 of module ThreePhase: 364553
@!@!@ENDMSG 2221 @!@!@
@!@!@STARTMSG 2221:0 @!@!@
  line 90, col 6 to line 90, col 44 of module ThreePhase: 364553
@!@!@ENDMSG 2221 @!@!@
@!@!@STARTMSG 2221:0 @!@!@
  line 91, col 6 to line 91, col 57 of module ThreePhase: 364553
@!@!@ENDMSG 2221 @!@!@
@!@!@STARTMSG 2221:0 @!@!@
  line 92, col 6 to line 92, col 51 of module ThreePhase: 364553
@!@!@ENDMSG 2221 @!@!@
@!@!@STARTMSG 2772:0 @!@!@
<RMChooseToAbort line 95, col 1 to line 95, col 19 of module ThreePhase>: 74993:364552
@!@!@ENDMSG 2772 @!@!@
@!@!@STARTMSG 2221:0 @!@!@
  line 96, col 6 to line 96, col 28 of module ThreePhase: 2009802
@!@!@ENDMSG 2221 @!@!@
@!@!@STARTMSG 2221:0 @!@!@
  |line 96, col 6 to line 96, col 16 of module ThreePhase: 1645250
@!@!@ENDMSG 2221 @!@!@
@!@!@STARTMSG 2221:0 @!@!@
  line 97, col 6 to line 97, col 50 of module ThreePhase: 364552
@!@!@ENDMSG 2221 @!@!@
@!@!@STARTMSG 2221:0 @!@!@
  line 98, col 6 to line 98, col 43 of module ThreePhase: 364552
@!@!@ENDMSG 2221 @!@!@
@!@!@STARTMSG 2221:0 @!@!@
  line 99, col 6 to line 99, col 57 of module ThreePhase: 364552
@!@!@ENDMSG 2221 @!@!@
@!@!@STARTMSG 2772:0 @!@!@
<RMReadyToCommit line 102, col 1 to line 102, col 19 of module ThreePhase>: 122065:527138
@!@!@ENDMSG 2772 @!@!@
@!@!@STARTMSG 2221:0 @!@!@
  line 103, col 6 to line 103, col 29 of module ThreePhase: 2172383
@!@!@ENDMSG 2221 @!@!@
@!@!@STARTMSG 2221:0 @!@!@
  |line 103, col 6 to line 103, col 16 of module ThreePhase: 1645245
@!@!@ENDMSG 2221 @!@!@
@!@!@STARTMSG 2221:0 @!@!@
  line 104, col 6 to line 104, col 56 of module ThreePhase: 527138
@!@!@ENDMSG 2221 @!@!@
@!@!@STARTMSG 2221:0 @!@!@
  line 105, col 6 to line 105, col 65 of module ThreePhase: 527138
@!@!@ENDMSG 2221 @!@!@
@!@!@STARTMSG 2772:0 @!@!@
<RMRcvPreCommitMsg line 108, col 1 to line 108, col 21 of module ThreePhase>: 63707:1036194
@!@!@ENDMSG 2772 @!@!@
@!@!@STARTMSG 2221:0 @!@!@
  line 109, col 6 to line 109, col 36 of module ThreePhase: 2681438
@!@!@ENDMSG 2221 @!@!@
@!@!@STARTMSG 2221:0 @!@!@
  |line 109, col 6 to line 109, col 27 of module ThreePhase: 1645244
@!@!@ENDMSG 2221 @!@!@
@!@!@STARTMSG 2221:0 @!@!@
  |line 109, col 33 to line 109, col 36 of module ThreePhase: 1645244
@!@!@ENDMSG 2221 @!@!@
@!@!@STARTMSG 2221:0 @!@!@
  line 110, col 6 to line 110, col 56 of module ThreePhase: 1036194
@!@!@ENDMSG 2221 @!@!@
@!@!@STARTMSG 2221:0 @!@!@
  line 111, col 6 to line 111, col 65 of module ThreePhase: 1036194
@!@!@ENDMSG 2221 @!@!@
@!@!@STARTMSG 2772:0 @!@!@
<RMRcvCommitMsg line 114, col 1 to line 114, col 18 of module ThreePhase>: 49:78
@!@!@ENDMSG 2772 @!@!@
@!@!@STARTMSG 2221:0 @!@!@
  line 115, col 6 to line 115, col 33 of module ThreePhase: 1645322
@!@!@ENDMSG 2221 @!@!@
@!@!@STARTMSG 2221:0 @!@!@
  |line 115, col 6 to line 115, col 24 of module ThreePhase: 1645244
@!@!@ENDMSG 2221 @!@!@
@!@!@STARTMSG 2221:0 @!@!@
  |line 115, col 30 to line 115, col 33 of module ThreePhase: 1645244
@!@!@ENDMSG 2221 @!@!@
@!@!@STARTMSG 2221:0 @!@!@
  line 116, col 6 to line 116, col 52 of module ThreePhase: 78
@!@!@ENDMSG 2221 @!@!@
@!@!@STARTMSG 2221:0 @!@!@
  line 117, col 6 to line 117, col 65 of module ThreePhase: 78
@!@!@ENDMSG 2221 @!@!@
@!@!@STARTMSG 2772:0 @!@!@
<RMRcvAbortMsg line 120, col 1 to line 120, col 17 of module ThreePhase>: 27783:327774
@!@!@ENDMSG 2772 @!@!@
@!@!@STARTMSG 2221:0 @!@!@
  line 121, col 6 to line 121, col 32 of module ThreePhase: 1973018
@!@!@ENDMSG 2221 @!@!@
@!@!@STARTMSG 2221:0 @!@!@
  |line 121, col 6 to line 121, col 23 of module ThreePhase: 1645244
@!@!@ENDMSG 2221 @!@!@
@!@!@STARTMSG 2221:0 @!@!@
  |line 121, col 29 to line 121, col 32 of module ThreePhase: 1645244
@!@!@ENDMSG 2221 @!@!@
@!@!@STARTMSG 2221:0 @!@!@
  line 122, col 6 to line 122, col 50 of module ThreePhase: 327774
@!@!@ENDMSG 2221 @!@!@
@!@!@STARTMSG 2221:0 @!@!@
  line 123, col 6 to line 123, col 65 of module ThreePhase: 327774
@!@!@ENDMSG 2221 @!@!@
@!@!@STARTMSG 2202:0 @!@!@
End of statistics.
@!@!@ENDMSG 2202 @!@!@
@!@!@STARTMSG 2200:0 @!@!@
Progress(13) at 2023-12-01 00:11:49: 2,787,692 states generated (42,088,958 s/min), 411,142 distinct states found (6,207,478 ds/min), 136,938 states left on queue.
@!@!@ENDMSG 2200 @!@!@
@!@!@STARTMSG 2199:0 @!@!@
2787692 states generated, 411142 distinct states found, 136938 states left on queue.
@!@!@ENDMSG 2199 @!@!@
@!@!@STARTMSG 2186:0 @!@!@
Finished in 3978ms at (2023-12-01 00:11:49)
@!@!@ENDMSG 2186 @!@!@
